2026-06-01T16:42:39.233Z [ERROR]: Error: [
  {
    "expected": "number",
    "code": "invalid_type",
    "path": [
      "body",
      "showtimes",
      0,
      "price"
    ],
    "message": "Invalid input: expected number, received null"
  }
] 
stack: ZodError: [
  {
    "expected": "number",
    "code": "invalid_type",
    "path": [
      "body",
      "showtimes",
      0,
      "price"
    ],
    "message": "Invalid input: expected number, received null"
  }
]
    at file:///Users/mohsinkhan/Desktop/microservices/catalog-services/middlewares/validateRequest.js:4:39
    at Layer.handleRequest (/Users/mohsinkhan/Desktop/microservices/catalog-services/node_modules/router/lib/layer.js:152:17)
    at next (/Users/mohsinkhan/Desktop/microservices/catalog-services/node_modules/router/lib/route.js:157:13)
    at Route.dispatch (/Users/mohsinkhan/Desktop/microservices/catalog-services/node_modules/router/lib/route.js:117:3)
    at handle (/Users/mohsinkhan/Desktop/microservices/catalog-services/node_modules/router/index.js:435:11)
    at Layer.handleRequest (/Users/mohsinkhan/Desktop/microservices/catalog-services/node_modules/router/lib/layer.js:152:17)
    at /Users/mohsinkhan/Desktop/microservices/catalog-services/node_modules/router/index.js:295:15
    at processParams (/Users/mohsinkhan/Desktop/microservices/catalog-services/node_modules/router/index.js:582:12)
    at next (/Users/mohsinkhan/Desktop/microservices/catalog-services/node_modules/router/index.js:291:5)
    at Function.handle (/Users/mohsinkhan/Desktop/microservices/catalog-services/node_modules/router/index.js:186:3)
